;  LST file generated by mikroListExporter - v.2.0 
; Date/Time: 26/09/2024 18:54:45
;----------------------------------------------

;Address Opcode 	ASM
0x0000	0x2805      	GOTO       5
0x0001	0x0000      	NOP
0x0002	0x0000      	NOP
0x0003	0x0000      	NOP
0x0004	0x2800      	GOTO       0
_main:
;code 1.c,1 :: 		void main() {
;code 1.c,2 :: 		TRISA.F1=0;
0x0005	0x1683      	BSF        STATUS, 5
0x0006	0x1085      	BCF        TRISA, 1
;code 1.c,3 :: 		TRiSB.F3=1;
0x0007	0x1586      	BSF        TRISB, 3
;code 1.c,4 :: 		while(1)
L_main0:
;code 1.c,5 :: 		{if(PORTB.F3==1)
0x0008	0x1283      	BCF        STATUS, 5
0x0009	0x1D86      	BTFSS      PORTB, 3
0x000A	0x280D      	GOTO       L_main2
;code 1.c,6 :: 		{PORTA.F1=0;}
0x000B	0x1085      	BCF        PORTA, 1
0x000C	0x280E      	GOTO       L_main3
L_main2:
;code 1.c,8 :: 		{PORTA.F1=1;}
0x000D	0x1485      	BSF        PORTA, 1
L_main3:
;code 1.c,9 :: 		}
0x000E	0x2808      	GOTO       L_main0
;code 1.c,10 :: 		}
0x000F	0x280F      	GOTO       $+0
; end of _main
Symbol List:
//** Routines locations **
//ADDRESS    SIZE    PROCEDURE
//----------------------------------------------
0x0005      [11]    _main
//** Variables locations ** 
//ADDRESS    SIZE    VARIABLE
//----------------------------------------------
0x0000       [1]    INDF
0x0001       [1]    TMR0
0x0002       [1]    PCL
0x0003       [0]    Z_bit
0x0003       [0]    RP0_bit
0x0003       [0]    RP1_bit
0x0003       [0]    NOT_TO_bit
0x0003       [0]    IRP_bit
0x0003       [1]    STATUS
0x0003       [0]    C_bit
0x0003       [0]    DC_bit
0x0003       [0]    NOT_PD_bit
0x0004       [1]    FSRPTR
0x0004       [1]    FSR
0x0005       [0]    RA1_bit
0x0005       [0]    RA0_bit
0x0005       [0]    RA2_bit
0x0005       [0]    RA3_bit
0x0005       [1]    PORTA
0x0005       [0]    RA4_bit
0x0006       [0]    RB7_bit
0x0006       [0]    RB1_bit
0x0006       [0]    RB4_bit
0x0006       [0]    RB0_bit
0x0006       [0]    RB3_bit
0x0006       [0]    RB6_bit
0x0006       [1]    PORTB
0x0006       [0]    RB2_bit
0x0006       [0]    RB5_bit
0x0008       [1]    EEDATA
0x0009       [1]    EEADR
0x000A       [1]    PCLATH
0x000B       [1]    INTCON
0x000B       [0]    RBIE_bit
0x000B       [0]    T0IE_bit
0x000B       [0]    T0IF_bit
0x000B       [0]    RBIF_bit
0x000B       [0]    INTE_bit
0x000B       [0]    EEIE_bit
0x000B       [0]    GIE_bit
0x000B       [0]    INTF_bit
0x000C       [2]    ___DoICPAddr
0x0040       [1]    R0
0x0041       [1]    R1
0x0042       [1]    R2
0x0043       [1]    R3
0x0044       [1]    R4
0x0045       [1]    R5
0x0046       [1]    R6
0x0047       [1]    R7
0x0048       [1]    R8
0x0049       [1]    R9
0x004A       [1]    R10
0x004B       [1]    R11
0x004C       [1]    R12
0x004D       [1]    R13
0x004E       [1]    R14
0x004F       [1]    R15
0x0081       [0]    PS0_bit
0x0081       [0]    PS1_bit
0x0081       [0]    PSA_bit
0x0081       [0]    PS2_bit
0x0081       [0]    T0CS_bit
0x0081       [0]    T0SE_bit
0x0081       [0]    INTEDG_bit
0x0081       [1]    OPTION_REG
0x0081       [0]    NOT_RBPU_bit
0x0085       [0]    TRISA1_bit
0x0085       [0]    TRISA4_bit
0x0085       [0]    TRISA0_bit
0x0085       [0]    TRISA3_bit
0x0085       [1]    TRISA
0x0085       [0]    TRISA2_bit
0x0086       [0]    TRISB7_bit
0x0086       [0]    TRISB6_bit
0x0086       [0]    TRISB1_bit
0x0086       [0]    TRISB0_bit
0x0086       [1]    TRISB
0x0086       [0]    TRISB2_bit
0x0086       [0]    TRISB5_bit
0x0086       [0]    TRISB4_bit
0x0086       [0]    TRISB3_bit
0x0088       [0]    WREN_bit
0x0088       [1]    EECON1
0x0088       [0]    WRERR_bit
0x0088       [0]    WR_bit
0x0088       [0]    RD_bit
0x0088       [0]    EEIF_bit
0x0089       [1]    EECON2
//** Label List: ** 
//----------------------------------------------
  L_main0
  L_main1
  L_main2
  L_main3
  _main
